[5.023s] Invoking command in '/home/pitosalas/linorobot2_ws/src/lib_ros_examples': PYTHONPATH=/home/pitosalas/linorobot2_ws/src/lib_ros_examples/build/lib_ros_examples/prefix_override:/usr/lib/python3/dist-packages/colcon_core/task/python/colcon_distutils_commands:/home/pitosalas/linorobot2_ws/src/lib_ros_examples/install/lib_ros_examples/lib/python3.12/site-packages:${PYTHONPATH} /usr/bin/python3 -W ignore:setup.py install is deprecated -W ignore:easy_install command is deprecated setup.py egg_info --egg-base build/lib_ros_examples build --build-base /home/pitosalas/linorobot2_ws/src/lib_ros_examples/build/lib_ros_examples/build install --record /home/pitosalas/linorobot2_ws/src/lib_ros_examples/build/lib_ros_examples/install.log --single-version-externally-managed install_data
[6.665s] running egg_info
[6.799s] writing build/lib_ros_examples/lib_ros_examples.egg-info/PKG-INFO
[6.801s] writing dependency_links to build/lib_ros_examples/lib_ros_examples.egg-info/dependency_links.txt
[6.802s] writing entry points to build/lib_ros_examples/lib_ros_examples.egg-info/entry_points.txt
[6.803s] writing requirements to build/lib_ros_examples/lib_ros_examples.egg-info/requires.txt
[6.804s] writing top-level names to build/lib_ros_examples/lib_ros_examples.egg-info/top_level.txt
[7.082s] reading manifest file 'build/lib_ros_examples/lib_ros_examples.egg-info/SOURCES.txt'
[7.088s] writing manifest file 'build/lib_ros_examples/lib_ros_examples.egg-info/SOURCES.txt'
[7.090s] running build
[7.091s] running build_py
[7.091s] copying lib_ros_examples/square_drive.py -> /home/pitosalas/linorobot2_ws/src/lib_ros_examples/build/lib_ros_examples/build/lib/lib_ros_examples
[7.092s] running install
[7.115s] running install_lib
[7.242s] copying /home/pitosalas/linorobot2_ws/src/lib_ros_examples/build/lib_ros_examples/build/lib/lib_ros_examples/square_drive.py -> /home/pitosalas/linorobot2_ws/src/lib_ros_examples/install/lib_ros_examples/lib/python3.12/site-packages/lib_ros_examples
[7.245s] byte-compiling /home/pitosalas/linorobot2_ws/src/lib_ros_examples/install/lib_ros_examples/lib/python3.12/site-packages/lib_ros_examples/square_drive.py to square_drive.cpython-312.pyc
[7.252s] running install_data
[7.253s] running install_egg_info
[7.432s] removing '/home/pitosalas/linorobot2_ws/src/lib_ros_examples/install/lib_ros_examples/lib/python3.12/site-packages/lib_ros_examples-0.0.1-py3.12.egg-info' (and everything under it)
[7.433s] Copying build/lib_ros_examples/lib_ros_examples.egg-info to /home/pitosalas/linorobot2_ws/src/lib_ros_examples/install/lib_ros_examples/lib/python3.12/site-packages/lib_ros_examples-0.0.1-py3.12.egg-info
[7.438s] running install_scripts
[8.369s] Installing square_drive script to /home/pitosalas/linorobot2_ws/src/lib_ros_examples/install/lib_ros_examples/lib/lib_ros_examples
[8.371s] writing list of installed files to '/home/pitosalas/linorobot2_ws/src/lib_ros_examples/build/lib_ros_examples/install.log'
[8.536s] Invoked command in '/home/pitosalas/linorobot2_ws/src/lib_ros_examples' returned '0': PYTHONPATH=/home/pitosalas/linorobot2_ws/src/lib_ros_examples/build/lib_ros_examples/prefix_override:/usr/lib/python3/dist-packages/colcon_core/task/python/colcon_distutils_commands:/home/pitosalas/linorobot2_ws/src/lib_ros_examples/install/lib_ros_examples/lib/python3.12/site-packages:${PYTHONPATH} /usr/bin/python3 -W ignore:setup.py install is deprecated -W ignore:easy_install command is deprecated setup.py egg_info --egg-base build/lib_ros_examples build --build-base /home/pitosalas/linorobot2_ws/src/lib_ros_examples/build/lib_ros_examples/build install --record /home/pitosalas/linorobot2_ws/src/lib_ros_examples/build/lib_ros_examples/install.log --single-version-externally-managed install_data
