[1.521s] DEBUG:colcon:Command line arguments: ['/usr/bin/colcon', 'build', '--packages-select', 'lib_ros_examples']
[1.522s] DEBUG:colcon:Parsed command line arguments: Namespace(log_base=None, log_level=None, verb_name='build', build_base='build', install_base='install', merge_install=False, symlink_install=False, test_result_base=None, continue_on_error=False, executor='parallel', parallel_workers=4, event_handlers=None, ignore_user_meta=False, metas=['./colcon.meta'], base_paths=['.'], packages_ignore=None, packages_ignore_regex=None, paths=None, packages_up_to=None, packages_up_to_regex=None, packages_above=None, packages_above_and_dependencies=None, packages_above_depth=None, packages_select_by_dep=None, packages_skip_by_dep=None, packages_skip_up_to=None, packages_select_build_failed=False, packages_skip_build_finished=False, packages_select_test_failures=False, packages_skip_test_passed=False, packages_select=['lib_ros_examples'], packages_skip=None, packages_select_regex=None, packages_skip_regex=None, packages_start=None, packages_end=None, allow_overriding=[], cmake_args=None, cmake_target=None, cmake_target_skip_unavailable=False, cmake_clean_cache=False, cmake_clean_first=False, cmake_force_configure=False, ament_cmake_args=None, catkin_cmake_args=None, catkin_skip_building_tests=False, mixin_files=None, mixin=None, verb_parser=<colcon_mixin.mixin.mixin_argument.MixinArgumentDecorator object at 0xffff81c4c350>, verb_extension=<colcon_core.verb.build.BuildVerb object at 0xffff81c4c0e0>, main=<bound method BuildVerb.main of <colcon_core.verb.build.BuildVerb object at 0xffff81c4c0e0>>, mixin_verb=('build',))
[2.026s] Level 1:colcon.colcon_core.package_discovery:discover_packages(colcon_meta) check parameters
[2.028s] Level 1:colcon.colcon_core.package_discovery:discover_packages(recursive) check parameters
[2.029s] Level 1:colcon.colcon_core.package_discovery:discover_packages(ignore) check parameters
[2.030s] Level 1:colcon.colcon_core.package_discovery:discover_packages(path) check parameters
[2.030s] Level 1:colcon.colcon_core.package_discovery:discover_packages(colcon_meta) discover
[2.033s] Level 1:colcon.colcon_core.package_discovery:discover_packages(recursive) discover
[2.034s] INFO:colcon.colcon_core.package_discovery:Crawling recursively for packages in '/home/pitosalas/linorobot2_ws/src/lib_ros_examples'
[2.036s] Level 1:colcon.colcon_core.package_identification:_identify(.) by extensions ['ignore', 'ignore_ament_install']
[2.037s] Level 1:colcon.colcon_core.package_identification:_identify(.) by extension 'ignore'
[2.038s] Level 1:colcon.colcon_core.package_identification:_identify(.) by extension 'ignore_ament_install'
[2.040s] Level 1:colcon.colcon_core.package_identification:_identify(.) by extensions ['colcon_pkg']
[2.041s] Level 1:colcon.colcon_core.package_identification:_identify(.) by extension 'colcon_pkg'
[2.041s] Level 1:colcon.colcon_core.package_identification:_identify(.) by extensions ['colcon_meta']
[2.042s] Level 1:colcon.colcon_core.package_identification:_identify(.) by extension 'colcon_meta'
[2.045s] Level 1:colcon.colcon_core.package_identification:_identify(.) by extensions ['ros']
[2.046s] Level 1:colcon.colcon_core.package_identification:_identify(.) by extension 'ros'
[2.304s] DEBUG:colcon.colcon_core.package_identification:Package '.' with type 'ros.ament_python' and name 'lib_ros_examples'
[2.305s] Level 1:colcon.colcon_core.package_discovery:discover_packages(recursive) using defaults
[2.305s] Level 1:colcon.colcon_core.package_discovery:discover_packages(ignore) discover
[2.306s] Level 1:colcon.colcon_core.package_discovery:discover_packages(ignore) using defaults
[2.306s] Level 1:colcon.colcon_core.package_discovery:discover_packages(path) discover
[2.307s] Level 1:colcon.colcon_core.package_discovery:discover_packages(path) using defaults
[2.440s] Level 1:colcon.colcon_core.package_discovery:discover_packages(prefix_path) check parameters
[2.441s] Level 1:colcon.colcon_core.package_discovery:discover_packages(prefix_path) discover
[2.469s] DEBUG:colcon.colcon_installed_package_information.package_discovery:Found 12 installed packages in /home/pitosalas/linorobot2_ws/install
[2.474s] DEBUG:colcon.colcon_installed_package_information.package_discovery:Found 2 installed packages in /home/pitosalas/uros_ws/install
[2.493s] DEBUG:colcon.colcon_installed_package_information.package_discovery:Found 397 installed packages in /opt/ros/jazzy
[2.507s] Level 1:colcon.colcon_core.package_discovery:discover_packages(prefix_path) using defaults
[3.526s] Level 5:colcon.colcon_core.verb:set package 'lib_ros_examples' build argument 'cmake_args' from command line to 'None'
[3.527s] Level 5:colcon.colcon_core.verb:set package 'lib_ros_examples' build argument 'cmake_target' from command line to 'None'
[3.528s] Level 5:colcon.colcon_core.verb:set package 'lib_ros_examples' build argument 'cmake_target_skip_unavailable' from command line to 'False'
[3.528s] Level 5:colcon.colcon_core.verb:set package 'lib_ros_examples' build argument 'cmake_clean_cache' from command line to 'False'
[3.528s] Level 5:colcon.colcon_core.verb:set package 'lib_ros_examples' build argument 'cmake_clean_first' from command line to 'False'
[3.532s] Level 5:colcon.colcon_core.verb:set package 'lib_ros_examples' build argument 'cmake_force_configure' from command line to 'False'
[3.534s] Level 5:colcon.colcon_core.verb:set package 'lib_ros_examples' build argument 'ament_cmake_args' from command line to 'None'
[3.535s] Level 5:colcon.colcon_core.verb:set package 'lib_ros_examples' build argument 'catkin_cmake_args' from command line to 'None'
[3.535s] Level 5:colcon.colcon_core.verb:set package 'lib_ros_examples' build argument 'catkin_skip_building_tests' from command line to 'False'
[3.535s] DEBUG:colcon.colcon_core.verb:Building package 'lib_ros_examples' with the following arguments: {'ament_cmake_args': None, 'build_base': '/home/pitosalas/linorobot2_ws/src/lib_ros_examples/build/lib_ros_examples', 'catkin_cmake_args': None, 'catkin_skip_building_tests': False, 'cmake_args': None, 'cmake_clean_cache': False, 'cmake_clean_first': False, 'cmake_force_configure': False, 'cmake_target': None, 'cmake_target_skip_unavailable': False, 'install_base': '/home/pitosalas/linorobot2_ws/src/lib_ros_examples/install/lib_ros_examples', 'merge_install': False, 'path': '/home/pitosalas/linorobot2_ws/src/lib_ros_examples', 'symlink_install': False, 'test_result_base': None}
[3.536s] INFO:colcon.colcon_core.executor:Executing jobs using 'parallel' executor
[3.544s] DEBUG:colcon.colcon_parallel_executor.executor.parallel:run_until_complete
[3.548s] INFO:colcon.colcon_ros.task.ament_python.build:Building ROS package in '/home/pitosalas/linorobot2_ws/src/lib_ros_examples' with build type 'ament_python'
[3.549s] Level 1:colcon.colcon_core.shell:create_environment_hook('lib_ros_examples', 'ament_prefix_path')
[3.578s] INFO:colcon.colcon_core.plugin_system:Skipping extension 'colcon_core.shell.bat': Not used on non-Windows systems
[3.580s] INFO:colcon.colcon_core.shell:Creating environment hook '/home/pitosalas/linorobot2_ws/src/lib_ros_examples/install/lib_ros_examples/share/lib_ros_examples/hook/ament_prefix_path.ps1'
[3.586s] INFO:colcon.colcon_core.shell:Creating environment descriptor '/home/pitosalas/linorobot2_ws/src/lib_ros_examples/install/lib_ros_examples/share/lib_ros_examples/hook/ament_prefix_path.dsv'
[3.591s] INFO:colcon.colcon_core.shell:Creating environment hook '/home/pitosalas/linorobot2_ws/src/lib_ros_examples/install/lib_ros_examples/share/lib_ros_examples/hook/ament_prefix_path.sh'
[3.597s] INFO:colcon.colcon_core.shell:Skip shell extension 'powershell' for command environment: Not usable outside of PowerShell
[3.598s] DEBUG:colcon.colcon_core.shell:Skip shell extension 'dsv' for command environment
[6.518s] INFO:colcon.colcon_core.task.python.build:Building Python package in '/home/pitosalas/linorobot2_ws/src/lib_ros_examples'
[6.520s] INFO:colcon.colcon_core.shell:Skip shell extension 'powershell' for command environment: Not usable outside of PowerShell
[6.521s] DEBUG:colcon.colcon_core.shell:Skip shell extension 'dsv' for command environment
[13.882s] DEBUG:colcon.colcon_core.event_handler.log_command:Invoking command in '/home/pitosalas/linorobot2_ws/src/lib_ros_examples': PYTHONPATH=/home/pitosalas/linorobot2_ws/src/lib_ros_examples/build/lib_ros_examples/prefix_override:/usr/lib/python3/dist-packages/colcon_core/task/python/colcon_distutils_commands:/home/pitosalas/linorobot2_ws/src/lib_ros_examples/install/lib_ros_examples/lib/python3.12/site-packages:${PYTHONPATH} /usr/bin/python3 -W ignore:setup.py install is deprecated -W ignore:easy_install command is deprecated setup.py egg_info --egg-base build/lib_ros_examples build --build-base /home/pitosalas/linorobot2_ws/src/lib_ros_examples/build/lib_ros_examples/build install --record /home/pitosalas/linorobot2_ws/src/lib_ros_examples/build/lib_ros_examples/install.log --single-version-externally-managed install_data
[21.017s] DEBUG:colcon.colcon_core.event_handler.log_command:Invoked command in '/home/pitosalas/linorobot2_ws/src/lib_ros_examples' returned '0': PYTHONPATH=/home/pitosalas/linorobot2_ws/src/lib_ros_examples/build/lib_ros_examples/prefix_override:/usr/lib/python3/dist-packages/colcon_core/task/python/colcon_distutils_commands:/home/pitosalas/linorobot2_ws/src/lib_ros_examples/install/lib_ros_examples/lib/python3.12/site-packages:${PYTHONPATH} /usr/bin/python3 -W ignore:setup.py install is deprecated -W ignore:easy_install command is deprecated setup.py egg_info --egg-base build/lib_ros_examples build --build-base /home/pitosalas/linorobot2_ws/src/lib_ros_examples/build/lib_ros_examples/build install --record /home/pitosalas/linorobot2_ws/src/lib_ros_examples/build/lib_ros_examples/install.log --single-version-externally-managed install_data
[21.029s] Level 1:colcon.colcon_core.environment:checking '/home/pitosalas/linorobot2_ws/src/lib_ros_examples/install/lib_ros_examples' for CMake module files
[21.033s] Level 1:colcon.colcon_core.environment:checking '/home/pitosalas/linorobot2_ws/src/lib_ros_examples/install/lib_ros_examples' for CMake config files
[21.039s] Level 1:colcon.colcon_core.environment:checking '/home/pitosalas/linorobot2_ws/src/lib_ros_examples/install/lib_ros_examples/lib'
[21.040s] Level 1:colcon.colcon_core.environment:checking '/home/pitosalas/linorobot2_ws/src/lib_ros_examples/install/lib_ros_examples/bin'
[21.040s] Level 1:colcon.colcon_core.environment:checking '/home/pitosalas/linorobot2_ws/src/lib_ros_examples/install/lib_ros_examples/lib/pkgconfig/lib_ros_examples.pc'
[21.041s] Level 1:colcon.colcon_core.environment:checking '/home/pitosalas/linorobot2_ws/src/lib_ros_examples/install/lib_ros_examples/lib/python3.12/site-packages'
[21.042s] Level 1:colcon.colcon_core.shell:create_environment_hook('lib_ros_examples', 'pythonpath')
[21.043s] INFO:colcon.colcon_core.shell:Creating environment hook '/home/pitosalas/linorobot2_ws/src/lib_ros_examples/install/lib_ros_examples/share/lib_ros_examples/hook/pythonpath.ps1'
[21.045s] INFO:colcon.colcon_core.shell:Creating environment descriptor '/home/pitosalas/linorobot2_ws/src/lib_ros_examples/install/lib_ros_examples/share/lib_ros_examples/hook/pythonpath.dsv'
[21.048s] INFO:colcon.colcon_core.shell:Creating environment hook '/home/pitosalas/linorobot2_ws/src/lib_ros_examples/install/lib_ros_examples/share/lib_ros_examples/hook/pythonpath.sh'
[21.052s] Level 1:colcon.colcon_core.environment:checking '/home/pitosalas/linorobot2_ws/src/lib_ros_examples/install/lib_ros_examples/bin'
[21.053s] Level 1:colcon.colcon_core.environment:create_environment_scripts_only(lib_ros_examples)
[21.055s] INFO:colcon.colcon_core.shell:Creating package script '/home/pitosalas/linorobot2_ws/src/lib_ros_examples/install/lib_ros_examples/share/lib_ros_examples/package.ps1'
[21.059s] INFO:colcon.colcon_core.shell:Creating package descriptor '/home/pitosalas/linorobot2_ws/src/lib_ros_examples/install/lib_ros_examples/share/lib_ros_examples/package.dsv'
[21.062s] INFO:colcon.colcon_core.shell:Creating package script '/home/pitosalas/linorobot2_ws/src/lib_ros_examples/install/lib_ros_examples/share/lib_ros_examples/package.sh'
[21.066s] INFO:colcon.colcon_core.shell:Creating package script '/home/pitosalas/linorobot2_ws/src/lib_ros_examples/install/lib_ros_examples/share/lib_ros_examples/package.bash'
[21.070s] INFO:colcon.colcon_core.shell:Creating package script '/home/pitosalas/linorobot2_ws/src/lib_ros_examples/install/lib_ros_examples/share/lib_ros_examples/package.zsh'
[21.073s] Level 1:colcon.colcon_core.environment:create_file_with_runtime_dependencies(/home/pitosalas/linorobot2_ws/src/lib_ros_examples/install/lib_ros_examples/share/colcon-core/packages/lib_ros_examples)
[21.075s] DEBUG:colcon.colcon_parallel_executor.executor.parallel:closing loop
[21.077s] DEBUG:colcon.colcon_parallel_executor.executor.parallel:loop closed
[21.078s] DEBUG:colcon.colcon_parallel_executor.executor.parallel:run_until_complete finished with '0'
[21.078s] DEBUG:colcon.colcon_core.event_reactor:joining thread
[21.116s] INFO:colcon.colcon_core.plugin_system:Skipping extension 'colcon_notification.desktop_notification.notify_send': Could not find 'notify-send'
[21.117s] INFO:colcon.colcon_core.plugin_system:Skipping extension 'colcon_notification.desktop_notification.terminal_notifier': Not used on non-Darwin systems
[21.117s] INFO:colcon.colcon_core.plugin_system:Skipping extension 'colcon_notification.desktop_notification.win32': Not used on non-Windows systems
[21.118s] INFO:colcon.colcon_notification.desktop_notification:Sending desktop notification using 'notify2'
[21.122s] DEBUG:colcon.colcon_notification.desktop_notification.notify2:Failed to initialize notify2: org.freedesktop.DBus.Error.ServiceUnknown: The name org.freedesktop.Notifications was not provided by any .service files
[21.122s] DEBUG:colcon.colcon_core.event_reactor:joined thread
[21.123s] INFO:colcon.colcon_core.shell:Creating prefix script '/home/pitosalas/linorobot2_ws/src/lib_ros_examples/install/local_setup.ps1'
[21.127s] INFO:colcon.colcon_core.shell:Creating prefix util module '/home/pitosalas/linorobot2_ws/src/lib_ros_examples/install/_local_setup_util_ps1.py'
[21.134s] INFO:colcon.colcon_core.shell:Creating prefix chain script '/home/pitosalas/linorobot2_ws/src/lib_ros_examples/install/setup.ps1'
[21.144s] INFO:colcon.colcon_core.shell:Creating prefix script '/home/pitosalas/linorobot2_ws/src/lib_ros_examples/install/local_setup.sh'
[21.147s] INFO:colcon.colcon_core.shell:Creating prefix util module '/home/pitosalas/linorobot2_ws/src/lib_ros_examples/install/_local_setup_util_sh.py'
[21.152s] INFO:colcon.colcon_core.shell:Creating prefix chain script '/home/pitosalas/linorobot2_ws/src/lib_ros_examples/install/setup.sh'
[21.161s] INFO:colcon.colcon_core.shell:Creating prefix script '/home/pitosalas/linorobot2_ws/src/lib_ros_examples/install/local_setup.bash'
[21.164s] INFO:colcon.colcon_core.shell:Creating prefix chain script '/home/pitosalas/linorobot2_ws/src/lib_ros_examples/install/setup.bash'
[21.174s] INFO:colcon.colcon_core.shell:Creating prefix script '/home/pitosalas/linorobot2_ws/src/lib_ros_examples/install/local_setup.zsh'
[21.177s] INFO:colcon.colcon_core.shell:Creating prefix chain script '/home/pitosalas/linorobot2_ws/src/lib_ros_examples/install/setup.zsh'
