running egg_info
creating build/lib_ros_examples/lib_ros_examples.egg-info
writing build/lib_ros_examples/lib_ros_examples.egg-info/PKG-INFO
writing dependency_links to build/lib_ros_examples/lib_ros_examples.egg-info/dependency_links.txt
writing entry points to build/lib_ros_examples/lib_ros_examples.egg-info/entry_points.txt
writing requirements to build/lib_ros_examples/lib_ros_examples.egg-info/requires.txt
writing top-level names to build/lib_ros_examples/lib_ros_examples.egg-info/top_level.txt
writing manifest file 'build/lib_ros_examples/lib_ros_examples.egg-info/SOURCES.txt'
reading manifest file 'build/lib_ros_examples/lib_ros_examples.egg-info/SOURCES.txt'
writing manifest file 'build/lib_ros_examples/lib_ros_examples.egg-info/SOURCES.txt'
running build
running build_py
creating /home/pitosalas/linorobot2_ws/src/lib_ros_examples/build/lib_ros_examples/build
creating /home/pitosalas/linorobot2_ws/src/lib_ros_examples/build/lib_ros_examples/build/lib
creating /home/pitosalas/linorobot2_ws/src/lib_ros_examples/build/lib_ros_examples/build/lib/lib_ros_examples
copying lib_ros_examples/square_drive.py -> /home/pitosalas/linorobot2_ws/src/lib_ros_examples/build/lib_ros_examples/build/lib/lib_ros_examples
running install
running install_lib
creating /home/pitosalas/linorobot2_ws/src/lib_ros_examples/install/lib_ros_examples/lib/python3.12/site-packages/lib_ros_examples
copying /home/pitosalas/linorobot2_ws/src/lib_ros_examples/build/lib_ros_examples/build/lib/lib_ros_examples/square_drive.py -> /home/pitosalas/linorobot2_ws/src/lib_ros_examples/install/lib_ros_examples/lib/python3.12/site-packages/lib_ros_examples
byte-compiling /home/pitosalas/linorobot2_ws/src/lib_ros_examples/install/lib_ros_examples/lib/python3.12/site-packages/lib_ros_examples/square_drive.py to square_drive.cpython-312.pyc
running install_data
creating /home/pitosalas/linorobot2_ws/src/lib_ros_examples/install/lib_ros_examples/share/ament_index
creating /home/pitosalas/linorobot2_ws/src/lib_ros_examples/install/lib_ros_examples/share/ament_index/resource_index
creating /home/pitosalas/linorobot2_ws/src/lib_ros_examples/install/lib_ros_examples/share/ament_index/resource_index/packages
copying resource/lib_ros_examples -> /home/pitosalas/linorobot2_ws/src/lib_ros_examples/install/lib_ros_examples/share/ament_index/resource_index/packages
copying package.xml -> /home/pitosalas/linorobot2_ws/src/lib_ros_examples/install/lib_ros_examples/share/lib_ros_examples
creating /home/pitosalas/linorobot2_ws/src/lib_ros_examples/install/lib_ros_examples/share/lib_ros_examples/launch
copying launch/square_drive.launch.yaml -> /home/pitosalas/linorobot2_ws/src/lib_ros_examples/install/lib_ros_examples/share/lib_ros_examples/launch
running install_egg_info
Copying build/lib_ros_examples/lib_ros_examples.egg-info to /home/pitosalas/linorobot2_ws/src/lib_ros_examples/install/lib_ros_examples/lib/python3.12/site-packages/lib_ros_examples-0.0.1-py3.12.egg-info
running install_scripts
Installing square_drive script to /home/pitosalas/linorobot2_ws/src/lib_ros_examples/install/lib_ros_examples/lib/lib_ros_examples
writing list of installed files to '/home/pitosalas/linorobot2_ws/src/lib_ros_examples/build/lib_ros_examples/install.log'
