[4.987s] Invoking command in '/home/pitosalas/linorobot2_ws/src/lib_ros_examples': PYTHONPATH=/home/pitosalas/linorobot2_ws/src/lib_ros_examples/build/lib_ros_examples/prefix_override:/usr/lib/python3/dist-packages/colcon_core/task/python/colcon_distutils_commands:/home/pitosalas/linorobot2_ws/src/lib_ros_examples/install/lib_ros_examples/lib/python3.12/site-packages:${PYTHONPATH} /usr/bin/python3 -W ignore:setup.py install is deprecated -W ignore:easy_install command is deprecated setup.py egg_info --egg-base build/lib_ros_examples build --build-base /home/pitosalas/linorobot2_ws/src/lib_ros_examples/build/lib_ros_examples/build install --record /home/pitosalas/linorobot2_ws/src/lib_ros_examples/build/lib_ros_examples/install.log --single-version-externally-managed install_data
[6.621s] running egg_info
[6.622s] creating build/lib_ros_examples/lib_ros_examples.egg-info
[6.756s] writing build/lib_ros_examples/lib_ros_examples.egg-info/PKG-INFO
[6.760s] writing dependency_links to build/lib_ros_examples/lib_ros_examples.egg-info/dependency_links.txt
[6.760s] writing entry points to build/lib_ros_examples/lib_ros_examples.egg-info/entry_points.txt
[6.761s] writing requirements to build/lib_ros_examples/lib_ros_examples.egg-info/requires.txt
[6.761s] writing top-level names to build/lib_ros_examples/lib_ros_examples.egg-info/top_level.txt
[6.762s] writing manifest file 'build/lib_ros_examples/lib_ros_examples.egg-info/SOURCES.txt'
[7.029s] reading manifest file 'build/lib_ros_examples/lib_ros_examples.egg-info/SOURCES.txt'
[7.032s] writing manifest file 'build/lib_ros_examples/lib_ros_examples.egg-info/SOURCES.txt'
[7.033s] running build
[7.033s] running build_py
[7.034s] creating /home/pitosalas/linorobot2_ws/src/lib_ros_examples/build/lib_ros_examples/build
[7.035s] creating /home/pitosalas/linorobot2_ws/src/lib_ros_examples/build/lib_ros_examples/build/lib
[7.035s] creating /home/pitosalas/linorobot2_ws/src/lib_ros_examples/build/lib_ros_examples/build/lib/lib_ros_examples
[7.036s] copying lib_ros_examples/square_drive.py -> /home/pitosalas/linorobot2_ws/src/lib_ros_examples/build/lib_ros_examples/build/lib/lib_ros_examples
[7.037s] running install
[7.064s] running install_lib
[7.223s] creating /home/pitosalas/linorobot2_ws/src/lib_ros_examples/install/lib_ros_examples/lib/python3.12/site-packages/lib_ros_examples
[7.224s] copying /home/pitosalas/linorobot2_ws/src/lib_ros_examples/build/lib_ros_examples/build/lib/lib_ros_examples/square_drive.py -> /home/pitosalas/linorobot2_ws/src/lib_ros_examples/install/lib_ros_examples/lib/python3.12/site-packages/lib_ros_examples
[7.227s] byte-compiling /home/pitosalas/linorobot2_ws/src/lib_ros_examples/install/lib_ros_examples/lib/python3.12/site-packages/lib_ros_examples/square_drive.py to square_drive.cpython-312.pyc
[7.232s] running install_data
[7.233s] creating /home/pitosalas/linorobot2_ws/src/lib_ros_examples/install/lib_ros_examples/share/ament_index
[7.234s] creating /home/pitosalas/linorobot2_ws/src/lib_ros_examples/install/lib_ros_examples/share/ament_index/resource_index
[7.235s] creating /home/pitosalas/linorobot2_ws/src/lib_ros_examples/install/lib_ros_examples/share/ament_index/resource_index/packages
[7.235s] copying resource/lib_ros_examples -> /home/pitosalas/linorobot2_ws/src/lib_ros_examples/install/lib_ros_examples/share/ament_index/resource_index/packages
[7.236s] copying package.xml -> /home/pitosalas/linorobot2_ws/src/lib_ros_examples/install/lib_ros_examples/share/lib_ros_examples
[7.236s] creating /home/pitosalas/linorobot2_ws/src/lib_ros_examples/install/lib_ros_examples/share/lib_ros_examples/launch
[7.237s] copying launch/square_drive.launch.yaml -> /home/pitosalas/linorobot2_ws/src/lib_ros_examples/install/lib_ros_examples/share/lib_ros_examples/launch
[7.238s] running install_egg_info
[7.374s] Copying build/lib_ros_examples/lib_ros_examples.egg-info to /home/pitosalas/linorobot2_ws/src/lib_ros_examples/install/lib_ros_examples/lib/python3.12/site-packages/lib_ros_examples-0.0.1-py3.12.egg-info
[7.380s] running install_scripts
[8.793s] Installing square_drive script to /home/pitosalas/linorobot2_ws/src/lib_ros_examples/install/lib_ros_examples/lib/lib_ros_examples
[8.798s] writing list of installed files to '/home/pitosalas/linorobot2_ws/src/lib_ros_examples/build/lib_ros_examples/install.log'
[9.034s] Invoked command in '/home/pitosalas/linorobot2_ws/src/lib_ros_examples' returned '0': PYTHONPATH=/home/pitosalas/linorobot2_ws/src/lib_ros_examples/build/lib_ros_examples/prefix_override:/usr/lib/python3/dist-packages/colcon_core/task/python/colcon_distutils_commands:/home/pitosalas/linorobot2_ws/src/lib_ros_examples/install/lib_ros_examples/lib/python3.12/site-packages:${PYTHONPATH} /usr/bin/python3 -W ignore:setup.py install is deprecated -W ignore:easy_install command is deprecated setup.py egg_info --egg-base build/lib_ros_examples build --build-base /home/pitosalas/linorobot2_ws/src/lib_ros_examples/build/lib_ros_examples/build install --record /home/pitosalas/linorobot2_ws/src/lib_ros_examples/build/lib_ros_examples/install.log --single-version-externally-managed install_data
