[6.917s] Invoking command in '/home/pitosalas/linorobot2_ws/src/lib_ros_examples': PYTHONPATH=/home/pitosalas/linorobot2_ws/src/lib_ros_examples/build/lib_ros_examples/prefix_override:/usr/lib/python3/dist-packages/colcon_core/task/python/colcon_distutils_commands:/home/pitosalas/linorobot2_ws/src/lib_ros_examples/install/lib_ros_examples/lib/python3.12/site-packages:${PYTHONPATH} /usr/bin/python3 -W ignore:setup.py install is deprecated -W ignore:easy_install command is deprecated setup.py egg_info --egg-base build/lib_ros_examples build --build-base /home/pitosalas/linorobot2_ws/src/lib_ros_examples/build/lib_ros_examples/build install --record /home/pitosalas/linorobot2_ws/src/lib_ros_examples/build/lib_ros_examples/install.log --single-version-externally-managed install_data
[8.627s] running egg_info
[8.769s] writing build/lib_ros_examples/lib_ros_examples.egg-info/PKG-INFO
[8.771s] writing dependency_links to build/lib_ros_examples/lib_ros_examples.egg-info/dependency_links.txt
[8.774s] writing entry points to build/lib_ros_examples/lib_ros_examples.egg-info/entry_points.txt
[8.775s] writing requirements to build/lib_ros_examples/lib_ros_examples.egg-info/requires.txt
[8.775s] writing top-level names to build/lib_ros_examples/lib_ros_examples.egg-info/top_level.txt
[9.068s] reading manifest file 'build/lib_ros_examples/lib_ros_examples.egg-info/SOURCES.txt'
[9.070s] writing manifest file 'build/lib_ros_examples/lib_ros_examples.egg-info/SOURCES.txt'
[9.071s] running build
[9.072s] running build_py
[9.072s] copying lib_ros_examples/square_drive.py -> /home/pitosalas/linorobot2_ws/src/lib_ros_examples/build/lib_ros_examples/build/lib/lib_ros_examples
[9.073s] running install
[9.099s] running install_lib
[9.237s] copying /home/pitosalas/linorobot2_ws/src/lib_ros_examples/build/lib_ros_examples/build/lib/lib_ros_examples/square_drive.py -> /home/pitosalas/linorobot2_ws/src/lib_ros_examples/install/lib_ros_examples/lib/python3.12/site-packages/lib_ros_examples
[9.241s] byte-compiling /home/pitosalas/linorobot2_ws/src/lib_ros_examples/install/lib_ros_examples/lib/python3.12/site-packages/lib_ros_examples/square_drive.py to square_drive.cpython-312.pyc
[9.247s] running install_data
[9.248s] running install_egg_info
[9.385s] removing '/home/pitosalas/linorobot2_ws/src/lib_ros_examples/install/lib_ros_examples/lib/python3.12/site-packages/lib_ros_examples-0.0.1-py3.12.egg-info' (and everything under it)
[9.387s] Copying build/lib_ros_examples/lib_ros_examples.egg-info to /home/pitosalas/linorobot2_ws/src/lib_ros_examples/install/lib_ros_examples/lib/python3.12/site-packages/lib_ros_examples-0.0.1-py3.12.egg-info
[9.394s] running install_scripts
[10.325s] Installing square_drive script to /home/pitosalas/linorobot2_ws/src/lib_ros_examples/install/lib_ros_examples/lib/lib_ros_examples
[10.326s] writing list of installed files to '/home/pitosalas/linorobot2_ws/src/lib_ros_examples/build/lib_ros_examples/install.log'
[10.484s] Invoked command in '/home/pitosalas/linorobot2_ws/src/lib_ros_examples' returned '0': PYTHONPATH=/home/pitosalas/linorobot2_ws/src/lib_ros_examples/build/lib_ros_examples/prefix_override:/usr/lib/python3/dist-packages/colcon_core/task/python/colcon_distutils_commands:/home/pitosalas/linorobot2_ws/src/lib_ros_examples/install/lib_ros_examples/lib/python3.12/site-packages:${PYTHONPATH} /usr/bin/python3 -W ignore:setup.py install is deprecated -W ignore:easy_install command is deprecated setup.py egg_info --egg-base build/lib_ros_examples build --build-base /home/pitosalas/linorobot2_ws/src/lib_ros_examples/build/lib_ros_examples/build install --record /home/pitosalas/linorobot2_ws/src/lib_ros_examples/build/lib_ros_examples/install.log --single-version-externally-managed install_data
