[0.861s] DEBUG:colcon:Command line arguments: ['/usr/bin/colcon', 'build', '--packages-select', 'lib_ros_examples']
[0.861s] DEBUG:colcon:Parsed command line arguments: Namespace(log_base=None, log_level=None, verb_name='build', build_base='build', install_base='install', merge_install=False, symlink_install=False, test_result_base=None, continue_on_error=False, executor='parallel', parallel_workers=4, event_handlers=None, ignore_user_meta=False, metas=['./colcon.meta'], base_paths=['.'], packages_ignore=None, packages_ignore_regex=None, paths=None, packages_up_to=None, packages_up_to_regex=None, packages_above=None, packages_above_and_dependencies=None, packages_above_depth=None, packages_select_by_dep=None, packages_skip_by_dep=None, packages_skip_up_to=None, packages_select_build_failed=False, packages_skip_build_finished=False, packages_select_test_failures=False, packages_skip_test_passed=False, packages_select=['lib_ros_examples'], packages_skip=None, packages_select_regex=None, packages_skip_regex=None, packages_start=None, packages_end=None, allow_overriding=[], cmake_args=None, cmake_target=None, cmake_target_skip_unavailable=False, cmake_clean_cache=False, cmake_clean_first=False, cmake_force_configure=False, ament_cmake_args=None, catkin_cmake_args=None, catkin_skip_building_tests=False, mixin_files=None, mixin=None, verb_parser=<colcon_mixin.mixin.mixin_argument.MixinArgumentDecorator object at 0xffff9de48500>, verb_extension=<colcon_core.verb.build.BuildVerb object at 0xffff9de48200>, main=<bound method BuildVerb.main of <colcon_core.verb.build.BuildVerb object at 0xffff9de48200>>, mixin_verb=('build',))
[1.154s] Level 1:colcon.colcon_core.package_discovery:discover_packages(colcon_meta) check parameters
[1.155s] Level 1:colcon.colcon_core.package_discovery:discover_packages(recursive) check parameters
[1.156s] Level 1:colcon.colcon_core.package_discovery:discover_packages(ignore) check parameters
[1.156s] Level 1:colcon.colcon_core.package_discovery:discover_packages(path) check parameters
[1.157s] Level 1:colcon.colcon_core.package_discovery:discover_packages(colcon_meta) discover
[1.158s] Level 1:colcon.colcon_core.package_discovery:discover_packages(recursive) discover
[1.158s] INFO:colcon.colcon_core.package_discovery:Crawling recursively for packages in '/home/pitosalas/linorobot2_ws/src/lib_ros_examples'
[1.159s] Level 1:colcon.colcon_core.package_identification:_identify(.) by extensions ['ignore', 'ignore_ament_install']
[1.160s] Level 1:colcon.colcon_core.package_identification:_identify(.) by extension 'ignore'
[1.161s] Level 1:colcon.colcon_core.package_identification:_identify(.) by extension 'ignore_ament_install'
[1.162s] Level 1:colcon.colcon_core.package_identification:_identify(.) by extensions ['colcon_pkg']
[1.162s] Level 1:colcon.colcon_core.package_identification:_identify(.) by extension 'colcon_pkg'
[1.163s] Level 1:colcon.colcon_core.package_identification:_identify(.) by extensions ['colcon_meta']
[1.163s] Level 1:colcon.colcon_core.package_identification:_identify(.) by extension 'colcon_meta'
[1.163s] Level 1:colcon.colcon_core.package_identification:_identify(.) by extensions ['ros']
[1.164s] Level 1:colcon.colcon_core.package_identification:_identify(.) by extension 'ros'
[1.375s] DEBUG:colcon.colcon_core.package_identification:Package '.' with type 'ros.ament_python' and name 'lib_ros_examples'
[1.375s] Level 1:colcon.colcon_core.package_discovery:discover_packages(recursive) using defaults
[1.376s] Level 1:colcon.colcon_core.package_discovery:discover_packages(ignore) discover
[1.376s] Level 1:colcon.colcon_core.package_discovery:discover_packages(ignore) using defaults
[1.377s] Level 1:colcon.colcon_core.package_discovery:discover_packages(path) discover
[1.377s] Level 1:colcon.colcon_core.package_discovery:discover_packages(path) using defaults
[1.483s] Level 1:colcon.colcon_core.package_discovery:discover_packages(prefix_path) check parameters
[1.483s] Level 1:colcon.colcon_core.package_discovery:discover_packages(prefix_path) discover
[1.505s] DEBUG:colcon.colcon_installed_package_information.package_discovery:Found 12 installed packages in /home/pitosalas/linorobot2_ws/install
[1.509s] DEBUG:colcon.colcon_installed_package_information.package_discovery:Found 2 installed packages in /home/pitosalas/uros_ws/install
[1.529s] DEBUG:colcon.colcon_installed_package_information.package_discovery:Found 397 installed packages in /opt/ros/jazzy
[1.540s] Level 1:colcon.colcon_core.package_discovery:discover_packages(prefix_path) using defaults
[2.009s] Level 5:colcon.colcon_core.verb:set package 'lib_ros_examples' build argument 'cmake_args' from command line to 'None'
[2.009s] Level 5:colcon.colcon_core.verb:set package 'lib_ros_examples' build argument 'cmake_target' from command line to 'None'
[2.010s] Level 5:colcon.colcon_core.verb:set package 'lib_ros_examples' build argument 'cmake_target_skip_unavailable' from command line to 'False'
[2.010s] Level 5:colcon.colcon_core.verb:set package 'lib_ros_examples' build argument 'cmake_clean_cache' from command line to 'False'
[2.010s] Level 5:colcon.colcon_core.verb:set package 'lib_ros_examples' build argument 'cmake_clean_first' from command line to 'False'
[2.010s] Level 5:colcon.colcon_core.verb:set package 'lib_ros_examples' build argument 'cmake_force_configure' from command line to 'False'
[2.010s] Level 5:colcon.colcon_core.verb:set package 'lib_ros_examples' build argument 'ament_cmake_args' from command line to 'None'
[2.011s] Level 5:colcon.colcon_core.verb:set package 'lib_ros_examples' build argument 'catkin_cmake_args' from command line to 'None'
[2.011s] Level 5:colcon.colcon_core.verb:set package 'lib_ros_examples' build argument 'catkin_skip_building_tests' from command line to 'False'
[2.011s] DEBUG:colcon.colcon_core.verb:Building package 'lib_ros_examples' with the following arguments: {'ament_cmake_args': None, 'build_base': '/home/pitosalas/linorobot2_ws/src/lib_ros_examples/build/lib_ros_examples', 'catkin_cmake_args': None, 'catkin_skip_building_tests': False, 'cmake_args': None, 'cmake_clean_cache': False, 'cmake_clean_first': False, 'cmake_force_configure': False, 'cmake_target': None, 'cmake_target_skip_unavailable': False, 'install_base': '/home/pitosalas/linorobot2_ws/src/lib_ros_examples/install/lib_ros_examples', 'merge_install': False, 'path': '/home/pitosalas/linorobot2_ws/src/lib_ros_examples', 'symlink_install': False, 'test_result_base': None}
[2.012s] INFO:colcon.colcon_core.executor:Executing jobs using 'parallel' executor
[2.016s] DEBUG:colcon.colcon_parallel_executor.executor.parallel:run_until_complete
[2.018s] INFO:colcon.colcon_ros.task.ament_python.build:Building ROS package in '/home/pitosalas/linorobot2_ws/src/lib_ros_examples' with build type 'ament_python'
[2.019s] Level 1:colcon.colcon_core.shell:create_environment_hook('lib_ros_examples', 'ament_prefix_path')
[2.035s] INFO:colcon.colcon_core.plugin_system:Skipping extension 'colcon_core.shell.bat': Not used on non-Windows systems
[2.036s] INFO:colcon.colcon_core.shell:Creating environment hook '/home/pitosalas/linorobot2_ws/src/lib_ros_examples/install/lib_ros_examples/share/lib_ros_examples/hook/ament_prefix_path.ps1'
[2.039s] INFO:colcon.colcon_core.shell:Creating environment descriptor '/home/pitosalas/linorobot2_ws/src/lib_ros_examples/install/lib_ros_examples/share/lib_ros_examples/hook/ament_prefix_path.dsv'
[2.042s] INFO:colcon.colcon_core.shell:Creating environment hook '/home/pitosalas/linorobot2_ws/src/lib_ros_examples/install/lib_ros_examples/share/lib_ros_examples/hook/ament_prefix_path.sh'
[2.046s] INFO:colcon.colcon_core.shell:Skip shell extension 'powershell' for command environment: Not usable outside of PowerShell
[2.046s] DEBUG:colcon.colcon_core.shell:Skip shell extension 'dsv' for command environment
[4.212s] INFO:colcon.colcon_core.task.python.build:Building Python package in '/home/pitosalas/linorobot2_ws/src/lib_ros_examples'
[4.213s] INFO:colcon.colcon_core.shell:Skip shell extension 'powershell' for command environment: Not usable outside of PowerShell
[4.213s] DEBUG:colcon.colcon_core.shell:Skip shell extension 'dsv' for command environment
[8.940s] DEBUG:colcon.colcon_core.event_handler.log_command:Invoking command in '/home/pitosalas/linorobot2_ws/src/lib_ros_examples': PYTHONPATH=/home/pitosalas/linorobot2_ws/src/lib_ros_examples/build/lib_ros_examples/prefix_override:/usr/lib/python3/dist-packages/colcon_core/task/python/colcon_distutils_commands:/home/pitosalas/linorobot2_ws/src/lib_ros_examples/install/lib_ros_examples/lib/python3.12/site-packages:${PYTHONPATH} /usr/bin/python3 -W ignore:setup.py install is deprecated -W ignore:easy_install command is deprecated setup.py egg_info --egg-base build/lib_ros_examples build --build-base /home/pitosalas/linorobot2_ws/src/lib_ros_examples/build/lib_ros_examples/build install --record /home/pitosalas/linorobot2_ws/src/lib_ros_examples/build/lib_ros_examples/install.log --single-version-externally-managed install_data
[12.507s] DEBUG:colcon.colcon_core.event_handler.log_command:Invoked command in '/home/pitosalas/linorobot2_ws/src/lib_ros_examples' returned '0': PYTHONPATH=/home/pitosalas/linorobot2_ws/src/lib_ros_examples/build/lib_ros_examples/prefix_override:/usr/lib/python3/dist-packages/colcon_core/task/python/colcon_distutils_commands:/home/pitosalas/linorobot2_ws/src/lib_ros_examples/install/lib_ros_examples/lib/python3.12/site-packages:${PYTHONPATH} /usr/bin/python3 -W ignore:setup.py install is deprecated -W ignore:easy_install command is deprecated setup.py egg_info --egg-base build/lib_ros_examples build --build-base /home/pitosalas/linorobot2_ws/src/lib_ros_examples/build/lib_ros_examples/build install --record /home/pitosalas/linorobot2_ws/src/lib_ros_examples/build/lib_ros_examples/install.log --single-version-externally-managed install_data
[12.518s] Level 1:colcon.colcon_core.environment:checking '/home/pitosalas/linorobot2_ws/src/lib_ros_examples/install/lib_ros_examples' for CMake module files
[12.522s] Level 1:colcon.colcon_core.environment:checking '/home/pitosalas/linorobot2_ws/src/lib_ros_examples/install/lib_ros_examples' for CMake config files
[12.526s] Level 1:colcon.colcon_core.environment:checking '/home/pitosalas/linorobot2_ws/src/lib_ros_examples/install/lib_ros_examples/lib'
[12.527s] Level 1:colcon.colcon_core.environment:checking '/home/pitosalas/linorobot2_ws/src/lib_ros_examples/install/lib_ros_examples/bin'
[12.527s] Level 1:colcon.colcon_core.environment:checking '/home/pitosalas/linorobot2_ws/src/lib_ros_examples/install/lib_ros_examples/lib/pkgconfig/lib_ros_examples.pc'
[12.528s] Level 1:colcon.colcon_core.environment:checking '/home/pitosalas/linorobot2_ws/src/lib_ros_examples/install/lib_ros_examples/lib/python3.12/site-packages'
[12.529s] Level 1:colcon.colcon_core.shell:create_environment_hook('lib_ros_examples', 'pythonpath')
[12.530s] INFO:colcon.colcon_core.shell:Creating environment hook '/home/pitosalas/linorobot2_ws/src/lib_ros_examples/install/lib_ros_examples/share/lib_ros_examples/hook/pythonpath.ps1'
[12.533s] INFO:colcon.colcon_core.shell:Creating environment descriptor '/home/pitosalas/linorobot2_ws/src/lib_ros_examples/install/lib_ros_examples/share/lib_ros_examples/hook/pythonpath.dsv'
[12.535s] INFO:colcon.colcon_core.shell:Creating environment hook '/home/pitosalas/linorobot2_ws/src/lib_ros_examples/install/lib_ros_examples/share/lib_ros_examples/hook/pythonpath.sh'
[12.538s] Level 1:colcon.colcon_core.environment:checking '/home/pitosalas/linorobot2_ws/src/lib_ros_examples/install/lib_ros_examples/bin'
[12.538s] Level 1:colcon.colcon_core.environment:create_environment_scripts_only(lib_ros_examples)
[12.539s] INFO:colcon.colcon_core.shell:Creating package script '/home/pitosalas/linorobot2_ws/src/lib_ros_examples/install/lib_ros_examples/share/lib_ros_examples/package.ps1'
[12.542s] INFO:colcon.colcon_core.shell:Creating package descriptor '/home/pitosalas/linorobot2_ws/src/lib_ros_examples/install/lib_ros_examples/share/lib_ros_examples/package.dsv'
[12.545s] INFO:colcon.colcon_core.shell:Creating package script '/home/pitosalas/linorobot2_ws/src/lib_ros_examples/install/lib_ros_examples/share/lib_ros_examples/package.sh'
[12.548s] INFO:colcon.colcon_core.shell:Creating package script '/home/pitosalas/linorobot2_ws/src/lib_ros_examples/install/lib_ros_examples/share/lib_ros_examples/package.bash'
[12.552s] INFO:colcon.colcon_core.shell:Creating package script '/home/pitosalas/linorobot2_ws/src/lib_ros_examples/install/lib_ros_examples/share/lib_ros_examples/package.zsh'
[12.554s] Level 1:colcon.colcon_core.environment:create_file_with_runtime_dependencies(/home/pitosalas/linorobot2_ws/src/lib_ros_examples/install/lib_ros_examples/share/colcon-core/packages/lib_ros_examples)
[12.556s] DEBUG:colcon.colcon_parallel_executor.executor.parallel:closing loop
[12.557s] DEBUG:colcon.colcon_parallel_executor.executor.parallel:loop closed
[12.558s] DEBUG:colcon.colcon_parallel_executor.executor.parallel:run_until_complete finished with '0'
[12.558s] DEBUG:colcon.colcon_core.event_reactor:joining thread
[12.588s] INFO:colcon.colcon_core.plugin_system:Skipping extension 'colcon_notification.desktop_notification.notify_send': Could not find 'notify-send'
[12.588s] INFO:colcon.colcon_core.plugin_system:Skipping extension 'colcon_notification.desktop_notification.terminal_notifier': Not used on non-Darwin systems
[12.589s] INFO:colcon.colcon_core.plugin_system:Skipping extension 'colcon_notification.desktop_notification.win32': Not used on non-Windows systems
[12.589s] INFO:colcon.colcon_notification.desktop_notification:Sending desktop notification using 'notify2'
[12.593s] DEBUG:colcon.colcon_notification.desktop_notification.notify2:Failed to initialize notify2: org.freedesktop.DBus.Error.ServiceUnknown: The name org.freedesktop.Notifications was not provided by any .service files
[12.594s] DEBUG:colcon.colcon_core.event_reactor:joined thread
[12.595s] INFO:colcon.colcon_core.shell:Creating prefix script '/home/pitosalas/linorobot2_ws/src/lib_ros_examples/install/local_setup.ps1'
[12.598s] INFO:colcon.colcon_core.shell:Creating prefix util module '/home/pitosalas/linorobot2_ws/src/lib_ros_examples/install/_local_setup_util_ps1.py'
[12.604s] INFO:colcon.colcon_core.shell:Creating prefix chain script '/home/pitosalas/linorobot2_ws/src/lib_ros_examples/install/setup.ps1'
[12.613s] INFO:colcon.colcon_core.shell:Creating prefix script '/home/pitosalas/linorobot2_ws/src/lib_ros_examples/install/local_setup.sh'
[12.616s] INFO:colcon.colcon_core.shell:Creating prefix util module '/home/pitosalas/linorobot2_ws/src/lib_ros_examples/install/_local_setup_util_sh.py'
[12.619s] INFO:colcon.colcon_core.shell:Creating prefix chain script '/home/pitosalas/linorobot2_ws/src/lib_ros_examples/install/setup.sh'
[12.627s] INFO:colcon.colcon_core.shell:Creating prefix script '/home/pitosalas/linorobot2_ws/src/lib_ros_examples/install/local_setup.bash'
[12.630s] INFO:colcon.colcon_core.shell:Creating prefix chain script '/home/pitosalas/linorobot2_ws/src/lib_ros_examples/install/setup.bash'
[12.638s] INFO:colcon.colcon_core.shell:Creating prefix script '/home/pitosalas/linorobot2_ws/src/lib_ros_examples/install/local_setup.zsh'
[12.641s] INFO:colcon.colcon_core.shell:Creating prefix chain script '/home/pitosalas/linorobot2_ws/src/lib_ros_examples/install/setup.zsh'
